<?xml version="1.0" encoding="UTF-8"?>
<coverage generated="1616106467306" clover="3.2.0">
  <project timestamp="1616106467306" name="All files">
    <metrics statements="116" coveredstatements="67" conditionals="75" coveredconditionals="37" methods="33" coveredmethods="15" elements="224" coveredelements="119" complexity="0" loc="116" ncloc="116" packages="6" files="8" classes="8"/>
    <package name="src">
      <metrics statements="60" coveredstatements="16" conditionals="44" coveredconditionals="10" methods="21" coveredmethods="4"/>
      <file name="app.jsx" path="C:\Users\Madiha Rasheed\Desktop\ReactJS\ReactJSTTTgameCore\src\app.jsx">
        <metrics statements="20" coveredstatements="16" conditionals="12" coveredconditionals="10" methods="6" coveredmethods="4"/>
        <line num="13" count="10" type="stmt"/>
        <line num="14" count="10" type="stmt"/>
        <line num="22" count="7" type="stmt"/>
        <line num="23" count="7" type="stmt"/>
        <line num="25" count="7" type="cond" truecount="4" falsecount="0"/>
        <line num="26" count="1" type="stmt"/>
        <line num="28" count="6" type="cond" truecount="2" falsecount="0"/>
        <line num="29" count="6" type="stmt"/>
        <line num="41" count="0" type="stmt"/>
        <line num="48" count="16" type="stmt"/>
        <line num="49" count="16" type="stmt"/>
        <line num="50" count="16" type="stmt"/>
        <line num="53" count="16" type="cond" truecount="1" falsecount="1"/>
        <line num="54" count="0" type="stmt"/>
        <line num="55" count="16" type="cond" truecount="1" falsecount="1"/>
        <line num="56" count="0" type="stmt"/>
        <line num="58" count="16" type="cond" truecount="2" falsecount="0"/>
        <line num="61" count="16" type="stmt"/>
        <line num="67" count="7" type="stmt"/>
        <line num="70" count="0" type="stmt"/>
      </file>
      <file name="index.js" path="C:\Users\Madiha Rasheed\Desktop\ReactJS\ReactJSTTTgameCore\src\index.js">
        <metrics statements="2" coveredstatements="0" conditionals="0" coveredconditionals="0" methods="0" coveredmethods="0"/>
        <line num="11" count="0" type="stmt"/>
        <line num="13" count="0" type="stmt"/>
      </file>
      <file name="serviceWorker.js" path="C:\Users\Madiha Rasheed\Desktop\ReactJS\ReactJSTTTgameCore\src\serviceWorker.js">
        <metrics statements="38" coveredstatements="0" conditionals="32" coveredconditionals="0" methods="15" coveredmethods="0"/>
        <line num="13" count="0" type="stmt"/>
        <line num="24" count="0" type="cond" truecount="0" falsecount="4"/>
        <line num="26" count="0" type="stmt"/>
        <line num="27" count="0" type="cond" truecount="0" falsecount="2"/>
        <line num="31" count="0" type="stmt"/>
        <line num="34" count="0" type="stmt"/>
        <line num="35" count="0" type="stmt"/>
        <line num="37" count="0" type="cond" truecount="0" falsecount="2"/>
        <line num="39" count="0" type="stmt"/>
        <line num="43" count="0" type="stmt"/>
        <line num="44" count="0" type="stmt"/>
        <line num="51" count="0" type="stmt"/>
        <line num="58" count="0" type="stmt"/>
        <line num="61" count="0" type="stmt"/>
        <line num="62" count="0" type="stmt"/>
        <line num="63" count="0" type="cond" truecount="0" falsecount="2"/>
        <line num="64" count="0" type="stmt"/>
        <line num="66" count="0" type="stmt"/>
        <line num="67" count="0" type="cond" truecount="0" falsecount="2"/>
        <line num="68" count="0" type="cond" truecount="0" falsecount="2"/>
        <line num="72" count="0" type="stmt"/>
        <line num="78" count="0" type="cond" truecount="0" falsecount="4"/>
        <line num="79" count="0" type="stmt"/>
        <line num="85" count="0" type="stmt"/>
        <line num="88" count="0" type="cond" truecount="0" falsecount="4"/>
        <line num="89" count="0" type="stmt"/>
        <line num="97" count="0" type="stmt"/>
        <line num="103" count="0" type="stmt"/>
        <line num="106" count="0" type="stmt"/>
        <line num="107" count="0" type="cond" truecount="0" falsecount="2"/>
        <line num="112" count="0" type="stmt"/>
        <line num="113" count="0" type="stmt"/>
        <line num="114" count="0" type="stmt"/>
        <line num="119" count="0" type="stmt"/>
        <line num="123" count="0" type="stmt"/>
        <line num="130" count="0" type="cond" truecount="0" falsecount="2"/>
        <line num="131" count="0" type="stmt"/>
        <line num="132" count="0" type="stmt"/>
      </file>
    </package>
    <package name="src.components.board">
      <metrics statements="3" coveredstatements="3" conditionals="0" coveredconditionals="0" methods="3" coveredmethods="3"/>
      <file name="board.jsx" path="C:\Users\Madiha Rasheed\Desktop\ReactJS\ReactJSTTTgameCore\src\components\board\board.jsx">
        <metrics statements="3" coveredstatements="3" conditionals="0" coveredconditionals="0" methods="3" coveredmethods="3"/>
        <line num="8" count="126" type="stmt"/>
        <line num="9" count="7" type="stmt"/>
        <line num="13" count="14" type="stmt"/>
      </file>
    </package>
    <package name="src.components.history">
      <metrics statements="5" coveredstatements="4" conditionals="2" coveredconditionals="2" methods="3" coveredmethods="2"/>
      <file name="history.jsx" path="C:\Users\Madiha Rasheed\Desktop\ReactJS\ReactJSTTTgameCore\src\components\history\history.jsx">
        <metrics statements="5" coveredstatements="4" conditionals="2" coveredconditionals="2" methods="3" coveredmethods="2"/>
        <line num="7" count="13" type="stmt"/>
        <line num="8" count="20" type="cond" truecount="2" falsecount="0"/>
        <line num="11" count="20" type="stmt"/>
        <line num="13" count="0" type="stmt"/>
        <line num="19" count="13" type="stmt"/>
      </file>
    </package>
    <package name="src.components.info">
      <metrics statements="1" coveredstatements="1" conditionals="0" coveredconditionals="0" methods="1" coveredmethods="1"/>
      <file name="info.jsx" path="C:\Users\Madiha Rasheed\Desktop\ReactJS\ReactJSTTTgameCore\src\components\info\info.jsx">
        <metrics statements="1" coveredstatements="1" conditionals="0" coveredconditionals="0" methods="1" coveredmethods="1"/>
        <line num="7" count="13" type="stmt"/>
      </file>
    </package>
    <package name="src.components.tile">
      <metrics statements="1" coveredstatements="1" conditionals="0" coveredconditionals="0" methods="1" coveredmethods="1"/>
      <file name="tile.jsx" path="C:\Users\Madiha Rasheed\Desktop\ReactJS\ReactJSTTTgameCore\src\components\tile\tile.jsx">
        <metrics statements="1" coveredstatements="1" conditionals="0" coveredconditionals="0" methods="1" coveredmethods="1"/>
        <line num="6" count="110" type="stmt"/>
      </file>
    </package>
    <package name="src.util">
      <metrics statements="46" coveredstatements="42" conditionals="29" coveredconditionals="25" methods="4" coveredmethods="4"/>
      <file name="util.jsx" path="C:\Users\Madiha Rasheed\Desktop\ReactJS\ReactJSTTTgameCore\src\util\util.jsx">
        <metrics statements="46" coveredstatements="42" conditionals="29" coveredconditionals="25" methods="4" coveredmethods="4"/>
        <line num="2" count="2" type="stmt"/>
        <line num="12" count="2" type="stmt"/>
        <line num="13" count="15" type="stmt"/>
        <line num="14" count="15" type="cond" truecount="5" falsecount="0"/>
        <line num="15" count="1" type="stmt"/>
        <line num="18" count="1" type="stmt"/>
        <line num="22" count="17" type="cond" truecount="1" falsecount="1"/>
        <line num="23" count="0" type="stmt"/>
        <line num="25" count="17" type="stmt"/>
        <line num="26" count="32" type="cond" truecount="2" falsecount="0"/>
        <line num="27" count="16" type="stmt"/>
        <line num="30" count="1" type="stmt"/>
        <line num="35" count="41" type="stmt"/>
        <line num="36" count="41" type="stmt"/>
        <line num="39" count="41" type="stmt"/>
        <line num="40" count="41" type="stmt"/>
        <line num="41" count="121" type="cond" truecount="2" falsecount="0"/>
        <line num="43" count="41" type="stmt"/>
        <line num="44" count="41" type="cond" truecount="2" falsecount="0"/>
        <line num="45" count="1" type="stmt"/>
        <line num="47" count="80" type="cond" truecount="2" falsecount="0"/>
        <line num="49" count="40" type="stmt"/>
        <line num="50" count="40" type="cond" truecount="1" falsecount="1"/>
        <line num="51" count="0" type="stmt"/>
        <line num="56" count="120" type="stmt"/>
        <line num="57" count="120" type="cond" truecount="1" falsecount="1"/>
        <line num="58" count="0" type="stmt"/>
        <line num="60" count="120" type="stmt"/>
        <line num="63" count="40" type="stmt"/>
        <line num="64" count="40" type="stmt"/>
        <line num="65" count="120" type="stmt"/>
        <line num="66" count="120" type="cond" truecount="1" falsecount="1"/>
        <line num="67" count="0" type="stmt"/>
        <line num="69" count="120" type="stmt"/>
        <line num="71" count="40" type="stmt"/>
        <line num="75" count="321" type="stmt"/>
        <line num="76" count="321" type="cond" truecount="4" falsecount="0"/>
        <line num="77" count="270" type="stmt"/>
        <line num="79" count="51" type="stmt"/>
        <line num="80" count="51" type="stmt"/>
        <line num="81" count="55" type="cond" truecount="2" falsecount="0"/>
        <line num="82" count="50" type="stmt"/>
        <line num="84" count="5" type="stmt"/>
        <line num="86" count="51" type="cond" truecount="2" falsecount="0"/>
        <line num="87" count="1" type="stmt"/>
        <line num="89" count="50" type="stmt"/>
      </file>
    </package>
  </project>
</coverage>
