{"C:\\Users\\Madiha Rasheed\\Desktop\\ReactJS\\ReactJSTTTgameCore\\src\\app.jsx": {"path":"C:\\Users\\Madiha Rasheed\\Desktop\\ReactJS\\ReactJSTTTgameCore\\src\\app.jsx","statementMap":{"0":{"start":{"line":13,"column":4},"end":{"line":13,"column":17}},"1":{"start":{"line":14,"column":4},"end":{"line":18,"column":6}},"2":{"start":{"line":22,"column":24},"end":{"line":22,"column":78}},"3":{"start":{"line":23,"column":29},"end":{"line":23,"column":78}},"4":{"start":{"line":25,"column":4},"end":{"line":27,"column":5}},"5":{"start":{"line":26,"column":6},"end":{"line":26,"column":13}},"6":{"start":{"line":28,"column":4},"end":{"line":28,"column":55}},"7":{"start":{"line":29,"column":4},"end":{"line":37,"column":7}},"8":{"start":{"line":41,"column":4},"end":{"line":44,"column":7}},"9":{"start":{"line":48,"column":20},"end":{"line":48,"column":38}},"10":{"start":{"line":49,"column":18},"end":{"line":49,"column":54}},"11":{"start":{"line":50,"column":19},"end":{"line":50,"column":49}},"12":{"start":{"line":53,"column":4},"end":{"line":59,"column":5}},"13":{"start":{"line":54,"column":6},"end":{"line":54,"column":42}},"14":{"start":{"line":55,"column":11},"end":{"line":59,"column":5}},"15":{"start":{"line":56,"column":6},"end":{"line":56,"column":27}},"16":{"start":{"line":58,"column":6},"end":{"line":58,"column":64}},"17":{"start":{"line":61,"column":4},"end":{"line":73,"column":6}},"18":{"start":{"line":67,"column":45},"end":{"line":67,"column":64}},"19":{"start":{"line":70,"column":54},"end":{"line":70,"column":71}}},"fnMap":{"0":{"name":"(anonymous_0)","decl":{"start":{"line":12,"column":2},"end":{"line":12,"column":3}},"loc":{"start":{"line":12,"column":21},"end":{"line":19,"column":3}},"line":12},"1":{"name":"(anonymous_1)","decl":{"start":{"line":21,"column":2},"end":{"line":21,"column":3}},"loc":{"start":{"line":21,"column":17},"end":{"line":38,"column":3}},"line":21},"2":{"name":"(anonymous_2)","decl":{"start":{"line":40,"column":2},"end":{"line":40,"column":3}},"loc":{"start":{"line":40,"column":15},"end":{"line":45,"column":3}},"line":40},"3":{"name":"(anonymous_3)","decl":{"start":{"line":47,"column":2},"end":{"line":47,"column":3}},"loc":{"start":{"line":47,"column":11},"end":{"line":74,"column":3}},"line":47},"4":{"name":"(anonymous_4)","decl":{"start":{"line":67,"column":40},"end":{"line":67,"column":41}},"loc":{"start":{"line":67,"column":45},"end":{"line":67,"column":64}},"line":67},"5":{"name":"(anonymous_5)","decl":{"start":{"line":70,"column":46},"end":{"line":70,"column":47}},"loc":{"start":{"line":70,"column":54},"end":{"line":70,"column":71}},"line":70}},"branchMap":{"0":{"loc":{"start":{"line":25,"column":4},"end":{"line":27,"column":5}},"type":"if","locations":[{"start":{"line":25,"column":4},"end":{"line":27,"column":5}},{"start":{"line":25,"column":4},"end":{"line":27,"column":5}}],"line":25},"1":{"loc":{"start":{"line":25,"column":8},"end":{"line":25,"column":72}},"type":"binary-expr","locations":[{"start":{"line":25,"column":8},"end":{"line":25,"column":27}},{"start":{"line":25,"column":31},"end":{"line":25,"column":72}}],"line":25},"2":{"loc":{"start":{"line":28,"column":26},"end":{"line":28,"column":54}},"type":"cond-expr","locations":[{"start":{"line":28,"column":45},"end":{"line":28,"column":48}},{"start":{"line":28,"column":51},"end":{"line":28,"column":54}}],"line":28},"3":{"loc":{"start":{"line":53,"column":4},"end":{"line":59,"column":5}},"type":"if","locations":[{"start":{"line":53,"column":4},"end":{"line":59,"column":5}},{"start":{"line":53,"column":4},"end":{"line":59,"column":5}}],"line":53},"4":{"loc":{"start":{"line":55,"column":11},"end":{"line":59,"column":5}},"type":"if","locations":[{"start":{"line":55,"column":11},"end":{"line":59,"column":5}},{"start":{"line":55,"column":11},"end":{"line":59,"column":5}}],"line":55},"5":{"loc":{"start":{"line":58,"column":34},"end":{"line":58,"column":62}},"type":"cond-expr","locations":[{"start":{"line":58,"column":53},"end":{"line":58,"column":56}},{"start":{"line":58,"column":59},"end":{"line":58,"column":62}}],"line":58}},"s":{"0":10,"1":10,"2":7,"3":7,"4":7,"5":1,"6":6,"7":6,"8":0,"9":16,"10":16,"11":16,"12":16,"13":0,"14":16,"15":0,"16":16,"17":16,"18":7,"19":0},"f":{"0":10,"1":7,"2":0,"3":16,"4":7,"5":0},"b":{"0":[1,6],"1":[7,6],"2":[5,1],"3":[0,16],"4":[0,16],"5":[11,5]},"_coverageSchema":"1a1c01bbd47fc00a2c39e90264f33305004495a9","hash":"a0ba64cbb6d975bd5508c751d69f80dfcc14a914"}
,"C:\\Users\\Madiha Rasheed\\Desktop\\ReactJS\\ReactJSTTTgameCore\\src\\index.js": {"path":"C:\\Users\\Madiha Rasheed\\Desktop\\ReactJS\\ReactJSTTTgameCore\\src\\index.js","statementMap":{"0":{"start":{"line":11,"column":0},"end":{"line":11,"column":58}},"1":{"start":{"line":13,"column":0},"end":{"line":13,"column":27}}},"fnMap":{},"branchMap":{},"s":{"0":0,"1":0},"f":{},"b":{}}
,"C:\\Users\\Madiha Rasheed\\Desktop\\ReactJS\\ReactJSTTTgameCore\\src\\serviceWorker.js": {"path":"C:\\Users\\Madiha Rasheed\\Desktop\\ReactJS\\ReactJSTTTgameCore\\src\\serviceWorker.js","statementMap":{"0":{"start":{"line":13,"column":20},"end":{"line":21,"column":1}},"1":{"start":{"line":24,"column":2},"end":{"line":54,"column":3}},"2":{"start":{"line":26,"column":22},"end":{"line":26,"column":75}},"3":{"start":{"line":27,"column":4},"end":{"line":32,"column":5}},"4":{"start":{"line":31,"column":6},"end":{"line":31,"column":13}},"5":{"start":{"line":34,"column":4},"end":{"line":53,"column":7}},"6":{"start":{"line":35,"column":20},"end":{"line":35,"column":65}},"7":{"start":{"line":37,"column":6},"end":{"line":52,"column":7}},"8":{"start":{"line":39,"column":8},"end":{"line":39,"column":47}},"9":{"start":{"line":43,"column":8},"end":{"line":48,"column":11}},"10":{"start":{"line":44,"column":10},"end":{"line":47,"column":12}},"11":{"start":{"line":51,"column":8},"end":{"line":51,"column":39}},"12":{"start":{"line":58,"column":2},"end":{"line":98,"column":7}},"13":{"start":{"line":61,"column":6},"end":{"line":94,"column":8}},"14":{"start":{"line":62,"column":33},"end":{"line":62,"column":56}},"15":{"start":{"line":63,"column":8},"end":{"line":65,"column":9}},"16":{"start":{"line":64,"column":10},"end":{"line":64,"column":17}},"17":{"start":{"line":66,"column":8},"end":{"line":93,"column":10}},"18":{"start":{"line":67,"column":10},"end":{"line":92,"column":11}},"19":{"start":{"line":68,"column":12},"end":{"line":91,"column":13}},"20":{"start":{"line":72,"column":14},"end":{"line":75,"column":16}},"21":{"start":{"line":78,"column":14},"end":{"line":80,"column":15}},"22":{"start":{"line":79,"column":16},"end":{"line":79,"column":46}},"23":{"start":{"line":85,"column":14},"end":{"line":85,"column":64}},"24":{"start":{"line":88,"column":14},"end":{"line":90,"column":15}},"25":{"start":{"line":89,"column":16},"end":{"line":89,"column":47}},"26":{"start":{"line":97,"column":6},"end":{"line":97,"column":72}},"27":{"start":{"line":103,"column":2},"end":{"line":126,"column":7}},"28":{"start":{"line":106,"column":26},"end":{"line":106,"column":62}},"29":{"start":{"line":107,"column":6},"end":{"line":120,"column":7}},"30":{"start":{"line":112,"column":8},"end":{"line":116,"column":11}},"31":{"start":{"line":113,"column":10},"end":{"line":115,"column":13}},"32":{"start":{"line":114,"column":12},"end":{"line":114,"column":37}},"33":{"start":{"line":119,"column":8},"end":{"line":119,"column":39}},"34":{"start":{"line":123,"column":6},"end":{"line":125,"column":8}},"35":{"start":{"line":130,"column":2},"end":{"line":134,"column":3}},"36":{"start":{"line":131,"column":4},"end":{"line":133,"column":7}},"37":{"start":{"line":132,"column":6},"end":{"line":132,"column":32}}},"fnMap":{"0":{"name":"register","decl":{"start":{"line":23,"column":16},"end":{"line":23,"column":24}},"loc":{"start":{"line":23,"column":33},"end":{"line":55,"column":1}},"line":23},"1":{"name":"(anonymous_1)","decl":{"start":{"line":34,"column":36},"end":{"line":34,"column":37}},"loc":{"start":{"line":34,"column":42},"end":{"line":53,"column":5}},"line":34},"2":{"name":"(anonymous_2)","decl":{"start":{"line":43,"column":43},"end":{"line":43,"column":44}},"loc":{"start":{"line":43,"column":49},"end":{"line":48,"column":9}},"line":43},"3":{"name":"registerValidSW","decl":{"start":{"line":57,"column":9},"end":{"line":57,"column":24}},"loc":{"start":{"line":57,"column":40},"end":{"line":99,"column":1}},"line":57},"4":{"name":"(anonymous_4)","decl":{"start":{"line":60,"column":10},"end":{"line":60,"column":11}},"loc":{"start":{"line":60,"column":26},"end":{"line":95,"column":5}},"line":60},"5":{"name":"(anonymous_5)","decl":{"start":{"line":61,"column":35},"end":{"line":61,"column":36}},"loc":{"start":{"line":61,"column":41},"end":{"line":94,"column":7}},"line":61},"6":{"name":"(anonymous_6)","decl":{"start":{"line":66,"column":41},"end":{"line":66,"column":42}},"loc":{"start":{"line":66,"column":47},"end":{"line":93,"column":9}},"line":66},"7":{"name":"(anonymous_7)","decl":{"start":{"line":96,"column":11},"end":{"line":96,"column":12}},"loc":{"start":{"line":96,"column":20},"end":{"line":98,"column":5}},"line":96},"8":{"name":"checkValidServiceWorker","decl":{"start":{"line":101,"column":9},"end":{"line":101,"column":32}},"loc":{"start":{"line":101,"column":48},"end":{"line":127,"column":1}},"line":101},"9":{"name":"(anonymous_9)","decl":{"start":{"line":104,"column":10},"end":{"line":104,"column":11}},"loc":{"start":{"line":104,"column":22},"end":{"line":121,"column":5}},"line":104},"10":{"name":"(anonymous_10)","decl":{"start":{"line":112,"column":43},"end":{"line":112,"column":44}},"loc":{"start":{"line":112,"column":59},"end":{"line":116,"column":9}},"line":112},"11":{"name":"(anonymous_11)","decl":{"start":{"line":113,"column":41},"end":{"line":113,"column":42}},"loc":{"start":{"line":113,"column":47},"end":{"line":115,"column":11}},"line":113},"12":{"name":"(anonymous_12)","decl":{"start":{"line":122,"column":11},"end":{"line":122,"column":12}},"loc":{"start":{"line":122,"column":17},"end":{"line":126,"column":5}},"line":122},"13":{"name":"unregister","decl":{"start":{"line":129,"column":16},"end":{"line":129,"column":26}},"loc":{"start":{"line":129,"column":29},"end":{"line":135,"column":1}},"line":129},"14":{"name":"(anonymous_14)","decl":{"start":{"line":131,"column":39},"end":{"line":131,"column":40}},"loc":{"start":{"line":131,"column":55},"end":{"line":133,"column":5}},"line":131}},"branchMap":{"0":{"loc":{"start":{"line":14,"column":2},"end":{"line":20,"column":5}},"type":"binary-expr","locations":[{"start":{"line":14,"column":2},"end":{"line":14,"column":42}},{"start":{"line":16,"column":4},"end":{"line":16,"column":40}},{"start":{"line":18,"column":4},"end":{"line":20,"column":5}}],"line":14},"1":{"loc":{"start":{"line":24,"column":2},"end":{"line":54,"column":3}},"type":"if","locations":[{"start":{"line":24,"column":2},"end":{"line":54,"column":3}},{"start":{"line":24,"column":2},"end":{"line":54,"column":3}}],"line":24},"2":{"loc":{"start":{"line":24,"column":6},"end":{"line":24,"column":75}},"type":"binary-expr","locations":[{"start":{"line":24,"column":6},"end":{"line":24,"column":43}},{"start":{"line":24,"column":47},"end":{"line":24,"column":75}}],"line":24},"3":{"loc":{"start":{"line":27,"column":4},"end":{"line":32,"column":5}},"type":"if","locations":[{"start":{"line":27,"column":4},"end":{"line":32,"column":5}},{"start":{"line":27,"column":4},"end":{"line":32,"column":5}}],"line":27},"4":{"loc":{"start":{"line":37,"column":6},"end":{"line":52,"column":7}},"type":"if","locations":[{"start":{"line":37,"column":6},"end":{"line":52,"column":7}},{"start":{"line":37,"column":6},"end":{"line":52,"column":7}}],"line":37},"5":{"loc":{"start":{"line":63,"column":8},"end":{"line":65,"column":9}},"type":"if","locations":[{"start":{"line":63,"column":8},"end":{"line":65,"column":9}},{"start":{"line":63,"column":8},"end":{"line":65,"column":9}}],"line":63},"6":{"loc":{"start":{"line":67,"column":10},"end":{"line":92,"column":11}},"type":"if","locations":[{"start":{"line":67,"column":10},"end":{"line":92,"column":11}},{"start":{"line":67,"column":10},"end":{"line":92,"column":11}}],"line":67},"7":{"loc":{"start":{"line":68,"column":12},"end":{"line":91,"column":13}},"type":"if","locations":[{"start":{"line":68,"column":12},"end":{"line":91,"column":13}},{"start":{"line":68,"column":12},"end":{"line":91,"column":13}}],"line":68},"8":{"loc":{"start":{"line":78,"column":14},"end":{"line":80,"column":15}},"type":"if","locations":[{"start":{"line":78,"column":14},"end":{"line":80,"column":15}},{"start":{"line":78,"column":14},"end":{"line":80,"column":15}}],"line":78},"9":{"loc":{"start":{"line":78,"column":18},"end":{"line":78,"column":43}},"type":"binary-expr","locations":[{"start":{"line":78,"column":18},"end":{"line":78,"column":24}},{"start":{"line":78,"column":28},"end":{"line":78,"column":43}}],"line":78},"10":{"loc":{"start":{"line":88,"column":14},"end":{"line":90,"column":15}},"type":"if","locations":[{"start":{"line":88,"column":14},"end":{"line":90,"column":15}},{"start":{"line":88,"column":14},"end":{"line":90,"column":15}}],"line":88},"11":{"loc":{"start":{"line":88,"column":18},"end":{"line":88,"column":44}},"type":"binary-expr","locations":[{"start":{"line":88,"column":18},"end":{"line":88,"column":24}},{"start":{"line":88,"column":28},"end":{"line":88,"column":44}}],"line":88},"12":{"loc":{"start":{"line":107,"column":6},"end":{"line":120,"column":7}},"type":"if","locations":[{"start":{"line":107,"column":6},"end":{"line":120,"column":7}},{"start":{"line":107,"column":6},"end":{"line":120,"column":7}}],"line":107},"13":{"loc":{"start":{"line":108,"column":8},"end":{"line":109,"column":73}},"type":"binary-expr","locations":[{"start":{"line":108,"column":8},"end":{"line":108,"column":31}},{"start":{"line":109,"column":9},"end":{"line":109,"column":28}},{"start":{"line":109,"column":32},"end":{"line":109,"column":72}}],"line":108},"14":{"loc":{"start":{"line":130,"column":2},"end":{"line":134,"column":3}},"type":"if","locations":[{"start":{"line":130,"column":2},"end":{"line":134,"column":3}},{"start":{"line":130,"column":2},"end":{"line":134,"column":3}}],"line":130}},"s":{"0":0,"1":0,"2":0,"3":0,"4":0,"5":0,"6":0,"7":0,"8":0,"9":0,"10":0,"11":0,"12":0,"13":0,"14":0,"15":0,"16":0,"17":0,"18":0,"19":0,"20":0,"21":0,"22":0,"23":0,"24":0,"25":0,"26":0,"27":0,"28":0,"29":0,"30":0,"31":0,"32":0,"33":0,"34":0,"35":0,"36":0,"37":0},"f":{"0":0,"1":0,"2":0,"3":0,"4":0,"5":0,"6":0,"7":0,"8":0,"9":0,"10":0,"11":0,"12":0,"13":0,"14":0},"b":{"0":[0,0,0],"1":[0,0],"2":[0,0],"3":[0,0],"4":[0,0],"5":[0,0],"6":[0,0],"7":[0,0],"8":[0,0],"9":[0,0],"10":[0,0],"11":[0,0],"12":[0,0],"13":[0,0,0],"14":[0,0]}}
,"C:\\Users\\Madiha Rasheed\\Desktop\\ReactJS\\ReactJSTTTgameCore\\src\\components\\board\\board.jsx": {"path":"C:\\Users\\Madiha Rasheed\\Desktop\\ReactJS\\ReactJSTTTgameCore\\src\\components\\board\\board.jsx","statementMap":{"0":{"start":{"line":8,"column":4},"end":{"line":10,"column":6}},"1":{"start":{"line":9,"column":55},"end":{"line":9,"column":76}},"2":{"start":{"line":13,"column":4},"end":{"line":31,"column":6}}},"fnMap":{"0":{"name":"(anonymous_0)","decl":{"start":{"line":7,"column":2},"end":{"line":7,"column":3}},"loc":{"start":{"line":7,"column":16},"end":{"line":11,"column":3}},"line":7},"1":{"name":"(anonymous_1)","decl":{"start":{"line":9,"column":49},"end":{"line":9,"column":50}},"loc":{"start":{"line":9,"column":55},"end":{"line":9,"column":76}},"line":9},"2":{"name":"(anonymous_2)","decl":{"start":{"line":12,"column":2},"end":{"line":12,"column":3}},"loc":{"start":{"line":12,"column":11},"end":{"line":32,"column":3}},"line":12}},"branchMap":{},"s":{"0":126,"1":7,"2":14},"f":{"0":126,"1":7,"2":14},"b":{},"_coverageSchema":"1a1c01bbd47fc00a2c39e90264f33305004495a9","hash":"9973c4d5e3d2d83888885ad8e7fda480842e29e2"}
,"C:\\Users\\Madiha Rasheed\\Desktop\\ReactJS\\ReactJSTTTgameCore\\src\\components\\history\\history.jsx": {"path":"C:\\Users\\Madiha Rasheed\\Desktop\\ReactJS\\ReactJSTTTgameCore\\src\\components\\history\\history.jsx","statementMap":{"0":{"start":{"line":7,"column":18},"end":{"line":18,"column":6}},"1":{"start":{"line":8,"column":26},"end":{"line":10,"column":24}},"2":{"start":{"line":11,"column":6},"end":{"line":17,"column":8}},"3":{"start":{"line":13,"column":33},"end":{"line":13,"column":63}},"4":{"start":{"line":19,"column":4},"end":{"line":24,"column":6}}},"fnMap":{"0":{"name":"(anonymous_0)","decl":{"start":{"line":6,"column":2},"end":{"line":6,"column":3}},"loc":{"start":{"line":6,"column":11},"end":{"line":25,"column":3}},"line":6},"1":{"name":"(anonymous_1)","decl":{"start":{"line":7,"column":41},"end":{"line":7,"column":42}},"loc":{"start":{"line":7,"column":70},"end":{"line":18,"column":5}},"line":7},"2":{"name":"(anonymous_2)","decl":{"start":{"line":13,"column":27},"end":{"line":13,"column":28}},"loc":{"start":{"line":13,"column":33},"end":{"line":13,"column":63}},"line":13}},"branchMap":{"0":{"loc":{"start":{"line":8,"column":26},"end":{"line":10,"column":24}},"type":"cond-expr","locations":[{"start":{"line":9,"column":10},"end":{"line":9,"column":36}},{"start":{"line":10,"column":10},"end":{"line":10,"column":24}}],"line":8}},"s":{"0":13,"1":20,"2":20,"3":0,"4":13},"f":{"0":13,"1":20,"2":0},"b":{"0":[7,13]},"_coverageSchema":"1a1c01bbd47fc00a2c39e90264f33305004495a9","hash":"0e00884a1fee1241fb30243799e77571b6ef1a65"}
,"C:\\Users\\Madiha Rasheed\\Desktop\\ReactJS\\ReactJSTTTgameCore\\src\\components\\info\\info.jsx": {"path":"C:\\Users\\Madiha Rasheed\\Desktop\\ReactJS\\ReactJSTTTgameCore\\src\\components\\info\\info.jsx","statementMap":{"0":{"start":{"line":7,"column":4},"end":{"line":7,"column":46}}},"fnMap":{"0":{"name":"(anonymous_0)","decl":{"start":{"line":6,"column":2},"end":{"line":6,"column":3}},"loc":{"start":{"line":6,"column":11},"end":{"line":8,"column":3}},"line":6}},"branchMap":{},"s":{"0":13},"f":{"0":13},"b":{},"_coverageSchema":"1a1c01bbd47fc00a2c39e90264f33305004495a9","hash":"2c3e1ac991907611d15e3809ec5a62df2e4f93ce"}
,"C:\\Users\\Madiha Rasheed\\Desktop\\ReactJS\\ReactJSTTTgameCore\\src\\components\\tile\\tile.jsx": {"path":"C:\\Users\\Madiha Rasheed\\Desktop\\ReactJS\\ReactJSTTTgameCore\\src\\components\\tile\\tile.jsx","statementMap":{"0":{"start":{"line":6,"column":4},"end":{"line":13,"column":6}}},"fnMap":{"0":{"name":"(anonymous_0)","decl":{"start":{"line":5,"column":2},"end":{"line":5,"column":3}},"loc":{"start":{"line":5,"column":11},"end":{"line":14,"column":3}},"line":5}},"branchMap":{},"s":{"0":110},"f":{"0":110},"b":{},"_coverageSchema":"1a1c01bbd47fc00a2c39e90264f33305004495a9","hash":"fe9360e3e887ff9417db312a6ccdddfe318aa9fe"}
,"C:\\Users\\Madiha Rasheed\\Desktop\\ReactJS\\ReactJSTTTgameCore\\src\\util\\util.jsx": {"path":"C:\\Users\\Madiha Rasheed\\Desktop\\ReactJS\\ReactJSTTTgameCore\\src\\util\\util.jsx","statementMap":{"0":{"start":{"line":2,"column":16},"end":{"line":11,"column":3}},"1":{"start":{"line":12,"column":2},"end":{"line":17,"column":3}},"2":{"start":{"line":12,"column":15},"end":{"line":12,"column":16}},"3":{"start":{"line":13,"column":22},"end":{"line":13,"column":30}},"4":{"start":{"line":14,"column":4},"end":{"line":16,"column":5}},"5":{"start":{"line":15,"column":6},"end":{"line":15,"column":22}},"6":{"start":{"line":18,"column":2},"end":{"line":18,"column":14}},"7":{"start":{"line":22,"column":2},"end":{"line":24,"column":3}},"8":{"start":{"line":23,"column":4},"end":{"line":23,"column":17}},"9":{"start":{"line":25,"column":2},"end":{"line":29,"column":3}},"10":{"start":{"line":25,"column":15},"end":{"line":25,"column":16}},"11":{"start":{"line":26,"column":4},"end":{"line":28,"column":5}},"12":{"start":{"line":27,"column":6},"end":{"line":27,"column":19}},"13":{"start":{"line":30,"column":2},"end":{"line":30,"column":14}},"14":{"start":{"line":35,"column":20},"end":{"line":35,"column":32}},"15":{"start":{"line":36,"column":19},"end":{"line":36,"column":51}},"16":{"start":{"line":39,"column":10},"end":{"line":39,"column":11}},"17":{"start":{"line":40,"column":2},"end":{"line":61,"column":3}},"18":{"start":{"line":41,"column":4},"end":{"line":53,"column":5}},"19":{"start":{"line":43,"column":6},"end":{"line":43,"column":62}},"20":{"start":{"line":44,"column":6},"end":{"line":46,"column":7}},"21":{"start":{"line":45,"column":8},"end":{"line":45,"column":22}},"22":{"start":{"line":47,"column":11},"end":{"line":53,"column":5}},"23":{"start":{"line":49,"column":6},"end":{"line":49,"column":77}},"24":{"start":{"line":50,"column":6},"end":{"line":52,"column":7}},"25":{"start":{"line":51,"column":8},"end":{"line":51,"column":22}},"26":{"start":{"line":56,"column":4},"end":{"line":56,"column":75}},"27":{"start":{"line":57,"column":4},"end":{"line":59,"column":5}},"28":{"start":{"line":58,"column":6},"end":{"line":58,"column":20}},"29":{"start":{"line":60,"column":4},"end":{"line":60,"column":8}},"30":{"start":{"line":63,"column":2},"end":{"line":63,"column":8}},"31":{"start":{"line":64,"column":2},"end":{"line":70,"column":3}},"32":{"start":{"line":65,"column":4},"end":{"line":65,"column":52}},"33":{"start":{"line":66,"column":4},"end":{"line":68,"column":5}},"34":{"start":{"line":67,"column":6},"end":{"line":67,"column":20}},"35":{"start":{"line":69,"column":4},"end":{"line":69,"column":18}},"36":{"start":{"line":71,"column":2},"end":{"line":71,"column":14}},"37":{"start":{"line":75,"column":15},"end":{"line":75,"column":27}},"38":{"start":{"line":76,"column":2},"end":{"line":78,"column":3}},"39":{"start":{"line":77,"column":4},"end":{"line":77,"column":16}},"40":{"start":{"line":79,"column":10},"end":{"line":79,"column":22}},"41":{"start":{"line":80,"column":2},"end":{"line":85,"column":3}},"42":{"start":{"line":81,"column":4},"end":{"line":83,"column":5}},"43":{"start":{"line":82,"column":6},"end":{"line":82,"column":12}},"44":{"start":{"line":84,"column":4},"end":{"line":84,"column":14}},"45":{"start":{"line":86,"column":2},"end":{"line":88,"column":3}},"46":{"start":{"line":87,"column":4},"end":{"line":87,"column":16}},"47":{"start":{"line":89,"column":2},"end":{"line":89,"column":14}}},"fnMap":{"0":{"name":"calculateWinner","decl":{"start":{"line":1,"column":16},"end":{"line":1,"column":31}},"loc":{"start":{"line":1,"column":39},"end":{"line":19,"column":1}},"line":1},"1":{"name":"calculateTie","decl":{"start":{"line":21,"column":16},"end":{"line":21,"column":28}},"loc":{"start":{"line":21,"column":36},"end":{"line":31,"column":1}},"line":21},"2":{"name":"genericWinnerCalculator","decl":{"start":{"line":34,"column":16},"end":{"line":34,"column":39}},"loc":{"start":{"line":34,"column":47},"end":{"line":72,"column":1}},"line":34},"3":{"name":"checkWinner","decl":{"start":{"line":74,"column":9},"end":{"line":74,"column":20}},"loc":{"start":{"line":74,"column":46},"end":{"line":90,"column":1}},"line":74}},"branchMap":{"0":{"loc":{"start":{"line":14,"column":4},"end":{"line":16,"column":5}},"type":"if","locations":[{"start":{"line":14,"column":4},"end":{"line":16,"column":5}},{"start":{"line":14,"column":4},"end":{"line":16,"column":5}}],"line":14},"1":{"loc":{"start":{"line":14,"column":8},"end":{"line":14,"column":66}},"type":"binary-expr","locations":[{"start":{"line":14,"column":8},"end":{"line":14,"column":16}},{"start":{"line":14,"column":20},"end":{"line":14,"column":41}},{"start":{"line":14,"column":45},"end":{"line":14,"column":66}}],"line":14},"2":{"loc":{"start":{"line":22,"column":2},"end":{"line":24,"column":3}},"type":"if","locations":[{"start":{"line":22,"column":2},"end":{"line":24,"column":3}},{"start":{"line":22,"column":2},"end":{"line":24,"column":3}}],"line":22},"3":{"loc":{"start":{"line":26,"column":4},"end":{"line":28,"column":5}},"type":"if","locations":[{"start":{"line":26,"column":4},"end":{"line":28,"column":5}},{"start":{"line":26,"column":4},"end":{"line":28,"column":5}}],"line":26},"4":{"loc":{"start":{"line":41,"column":4},"end":{"line":53,"column":5}},"type":"if","locations":[{"start":{"line":41,"column":4},"end":{"line":53,"column":5}},{"start":{"line":41,"column":4},"end":{"line":53,"column":5}}],"line":41},"5":{"loc":{"start":{"line":44,"column":6},"end":{"line":46,"column":7}},"type":"if","locations":[{"start":{"line":44,"column":6},"end":{"line":46,"column":7}},{"start":{"line":44,"column":6},"end":{"line":46,"column":7}}],"line":44},"6":{"loc":{"start":{"line":47,"column":11},"end":{"line":53,"column":5}},"type":"if","locations":[{"start":{"line":47,"column":11},"end":{"line":53,"column":5}},{"start":{"line":47,"column":11},"end":{"line":53,"column":5}}],"line":47},"7":{"loc":{"start":{"line":50,"column":6},"end":{"line":52,"column":7}},"type":"if","locations":[{"start":{"line":50,"column":6},"end":{"line":52,"column":7}},{"start":{"line":50,"column":6},"end":{"line":52,"column":7}}],"line":50},"8":{"loc":{"start":{"line":57,"column":4},"end":{"line":59,"column":5}},"type":"if","locations":[{"start":{"line":57,"column":4},"end":{"line":59,"column":5}},{"start":{"line":57,"column":4},"end":{"line":59,"column":5}}],"line":57},"9":{"loc":{"start":{"line":66,"column":4},"end":{"line":68,"column":5}},"type":"if","locations":[{"start":{"line":66,"column":4},"end":{"line":68,"column":5}},{"start":{"line":66,"column":4},"end":{"line":68,"column":5}}],"line":66},"10":{"loc":{"start":{"line":76,"column":2},"end":{"line":78,"column":3}},"type":"if","locations":[{"start":{"line":76,"column":2},"end":{"line":78,"column":3}},{"start":{"line":76,"column":2},"end":{"line":78,"column":3}}],"line":76},"11":{"loc":{"start":{"line":76,"column":6},"end":{"line":76,"column":34}},"type":"binary-expr","locations":[{"start":{"line":76,"column":6},"end":{"line":76,"column":19}},{"start":{"line":76,"column":23},"end":{"line":76,"column":34}}],"line":76},"12":{"loc":{"start":{"line":81,"column":4},"end":{"line":83,"column":5}},"type":"if","locations":[{"start":{"line":81,"column":4},"end":{"line":83,"column":5}},{"start":{"line":81,"column":4},"end":{"line":83,"column":5}}],"line":81},"13":{"loc":{"start":{"line":86,"column":2},"end":{"line":88,"column":3}},"type":"if","locations":[{"start":{"line":86,"column":2},"end":{"line":88,"column":3}},{"start":{"line":86,"column":2},"end":{"line":88,"column":3}}],"line":86}},"s":{"0":2,"1":2,"2":2,"3":15,"4":15,"5":1,"6":1,"7":17,"8":0,"9":17,"10":17,"11":32,"12":16,"13":1,"14":41,"15":41,"16":41,"17":41,"18":121,"19":41,"20":41,"21":1,"22":80,"23":40,"24":40,"25":0,"26":120,"27":120,"28":0,"29":120,"30":40,"31":40,"32":120,"33":120,"34":0,"35":120,"36":40,"37":321,"38":321,"39":270,"40":51,"41":51,"42":55,"43":50,"44":5,"45":51,"46":1,"47":50},"f":{"0":2,"1":17,"2":41,"3":321},"b":{"0":[1,14],"1":[15,4,1],"2":[0,17],"3":[16,16],"4":[41,80],"5":[1,40],"6":[40,40],"7":[0,40],"8":[0,120],"9":[0,120],"10":[270,51],"11":[321,51],"12":[50,5],"13":[1,50]},"_coverageSchema":"1a1c01bbd47fc00a2c39e90264f33305004495a9","hash":"a55c57f4ebef60c373fbad5834bfa3f9903020a4"}
}
